<?xml version="1.0" encoding="UTF-8"?>
<testng-results ignored="0" total="1" passed="1" failed="0" skipped="0">
  <reporter-output>
  </reporter-output>
  <suite started-at="2025-03-02T14:02:44 IST" name="Default suite" finished-at="2025-03-02T14:03:03 IST" duration-ms="19492">
    <groups>
    </groups>
    <test started-at="2025-03-02T14:02:44 IST" name="Default test" finished-at="2025-03-02T14:03:03 IST" duration-ms="19492">
      <class name="com.crm.TestCase.TC_01">
        <test-method is-config="true" signature="preCondition()[pri:0, instance:com.crm.TestCase.TC_01@815b41f]" started-at="2025-03-02T14:02:44 IST" name="preCondition" finished-at="2025-03-02T14:02:51 IST" duration-ms="6345" status="PASS">
          <reporter-output>
          </reporter-output>
        </test-method> <!-- preCondition -->
        <test-method is-config="true" signature="login()[pri:0, instance:com.crm.TestCase.TC_01@815b41f]" started-at="2025-03-02T14:02:51 IST" name="login" finished-at="2025-03-02T14:02:53 IST" duration-ms="2727" status="PASS">
          <reporter-output>
          </reporter-output>
        </test-method> <!-- login -->
        <test-method signature="newAccount()[pri:0, instance:com.crm.TestCase.TC_01@815b41f]" started-at="2025-03-02T14:02:53 IST" name="newAccount" finished-at="2025-03-02T14:03:02 IST" duration-ms="8362" status="PASS">
          <reporter-output>
          </reporter-output>
        </test-method> <!-- newAccount -->
        <test-method is-config="true" signature="logOut()[pri:0, instance:com.crm.TestCase.TC_01@815b41f]" started-at="2025-03-02T14:03:02 IST" name="logOut" finished-at="2025-03-02T14:03:03 IST" duration-ms="1243" status="PASS">
          <reporter-output>
          </reporter-output>
        </test-method> <!-- logOut -->
        <test-method is-config="true" signature="postCondition()[pri:0, instance:com.crm.TestCase.TC_01@815b41f]" started-at="2025-03-02T14:03:03 IST" name="postCondition" finished-at="2025-03-02T14:03:03 IST" duration-ms="321" status="PASS">
          <reporter-output>
          </reporter-output>
        </test-method> <!-- postCondition -->
      </class> <!-- com.crm.TestCase.TC_01 -->
    </test> <!-- Default test -->
  </suite> <!-- Default suite -->
</testng-results>
